<?xml version="1.0" encoding="UTF-8"?>
<testng-results skipped="0" failed="0" total="1" passed="1">
  <reporter-output>
    <line>
      <![CDATA[Tilte is matchingOrangeHRM]]>
    </line>
  </reporter-output>
  <suite name="Suite" duration-ms="20843" started-at="2018-11-16T12:39:47Z" finished-at="2018-11-16T12:40:08Z">
    <groups>
    </groups>
    <test name="firefoxTest" duration-ms="20843" started-at="2018-11-16T12:39:47Z" finished-at="2018-11-16T12:40:08Z">
      <class name="scripts.TestScripts">
        <test-method status="PASS" signature="preCondition()[pri:0, instance:scripts.TestScripts@61a485d2]" name="preCondition" is-config="true" duration-ms="13082" started-at="2018-11-16T18:09:47Z" finished-at="2018-11-16T18:10:00Z">
          <reporter-output>
          </reporter-output>
        </test-method> <!-- preCondition -->
        <test-method status="PASS" signature="testCreateEmployee()[pri:0, instance:scripts.TestScripts@61a485d2]" name="testCreateEmployee" duration-ms="7742" started-at="2018-11-16T18:10:00Z" finished-at="2018-11-16T18:10:08Z">
          <reporter-output>
            <line>
              <![CDATA[Tilte is matchingOrangeHRM]]>
            </line>
          </reporter-output>
        </test-method> <!-- testCreateEmployee -->
        <test-method status="PASS" signature="postmethod()[pri:0, instance:scripts.TestScripts@61a485d2]" name="postmethod" is-config="true" duration-ms="9" started-at="2018-11-16T18:10:08Z" finished-at="2018-11-16T18:10:08Z">
          <reporter-output>
          </reporter-output>
        </test-method> <!-- postmethod -->
      </class> <!-- scripts.TestScripts -->
    </test> <!-- firefoxTest -->
  </suite> <!-- Suite -->
</testng-results>
